v VICTORYDEVICE
# silvaco.file ASCII version=1.14.29 format=1 contents=SDB,Tables=1

Copyright "###################################################################"
Copyright "#                    Copyright Silvaco Inc. (c)                   #"
Copyright "#                            1992-2014                            #"
Copyright "#                                                                 #"
Copyright "# This file format and the following Key are copyright Silvaco    #"
Copyright "# International. You may not use, this format or key without      #"
Copyright "# reproducing this message in full and obtaining                  #"
Copyright "# express written permission from Silvaco Inc.                    #"
Copyright "#                                                                 #"
Copyright "# To obtain such permission please contact: Silvaco Inc.          #"
Copyright "#                                           support@silvaco.com   #"
Copyright "#                                                                 #"
Copyright "# KEY=SVC86hn7562asdx                       PROD=345              #"
Copyright "###################################################################"
#This file was created by VICTORYDEVICE version 1.24.0.R
#victoryd 1.24.0.R (Wed Jun 26 14:34:23 PDT 2024)
#libSDB 1.12.65 (Thu Dec  7 08:14:05 PST 2023)
a VICTORYDEVICE
j 1 9
k 2
r 1 92
x 3 43 42 46
w anode 1 1
r 2 92
x 3 43 42 46
w cathode 1 2
y 1 15
z 300
f 2 anode cathode
p 19 2 601 20 3 602 21 91 4000 4010 4020 87 1236000 85 86 354 355 356 308 398
d 0 0 -8.0094029448085642e-09 0.2 0.2 8.0094029442242653e-09 1 0.1 8.0656081263309605e-09 8.0656081263309605e-09 0.1 0.0010000161157378105 8.0656081263309605e-09 8.0656081263309605e-09 0 1 0 0 0
d 0 0 -8.8103350241357374e-09 0.2 0.2 8.8103350238156069e-09 1 0.11 8.8721689389640574e-09 8.8721689389640574e-09 0.11 0.0010000161157378102 8.8721689389640574e-09 8.8721689389640574e-09 0 1 0 0 0
d 0 0 -9.6112656196316986e-09 0.2 0.2 9.6112656191856795e-09 1 0.12 9.6787297515971526e-09 9.6787297515971526e-09 0.12 0.0010000161157378102 9.6787297515971526e-09 9.6787297515971526e-09 0 1 0 0 0
d 0 0 -1.0412194724927817e-08 0.2 0.2 1.0412194725025631e-08 1 0.13 1.048529056423025e-08 1.048529056423025e-08 0.13 0.0010000161157378102 1.048529056423025e-08 1.048529056423025e-08 0 1 0 0 0
d 0 0 -1.1213122338258318e-08 0.2 0.2 1.12131223377335e-08 1 0.14 1.1291851376863346e-08 1.1291851376863346e-08 0.14 0.0010000161157378102 1.1291851376863346e-08 1.1291851376863346e-08 0 1 0 0 0
d 0 0 -1.201404845453049e-08 0.2 0.2 1.2014048454386058e-08 1 0.15 1.2098412189496443e-08 1.2098412189496445e-08 0.15 0.0010000161157378102 1.2098412189496445e-08 1.2098412189496443e-08 0 1 0 0 0
d 0 0 -1.2814973070364781e-08 0.2 0.2 1.2814973070346457e-08 1 0.16000000000000003 1.290497300212954e-08 1.290497300212954e-08 0.16000000000000003 0.0010000161157378105 1.290497300212954e-08 1.290497300212954e-08 0 1 0 0 0
d 0 0 -1.3615896184497958e-08 0.2 0.2 1.3615896184465567e-08 1 0.17000000000000004 1.3711533814762639e-08 1.3711533814762639e-08 0.17000000000000004 0.0010000161157378105 1.3711533814762639e-08 1.3711533814762639e-08 0 1 0 0 0
d 0 0 -1.4416817792306276e-08 0.2 0.2 1.4416817792503031e-08 1 0.18000000000000005 1.4518094627395736e-08 1.4518094627395736e-08 0.18000000000000005 0.0010000161157378105 1.4518094627395736e-08 1.4518094627395736e-08 0 1 0 0 0
d 0 0 -1.5217737893399157e-08 0.2 0.2 1.5217737893255945e-08 1 0.19000000000000006 1.5324655440028831e-08 1.5324655440028831e-08 0.19000000000000006 0.0010000161157378105 1.5324655440028831e-08 1.5324655440028831e-08 0 1 0 0 0
d 0 0 -1.601865648449589e-08 0.2 0.2 1.6018656484224449e-08 1 0.20000000000000007 1.6131216252661928e-08 1.6131216252661928e-08 0.20000000000000007 0.0010000161157378105 1.6131216252661928e-08 1.6131216252661928e-08 0 1 0 0 0
d 0 0 -1.6819573563222505e-08 0.2 0.2 1.6819573562962436e-08 1 0.21000000000000008 1.6937777065295025e-08 1.6937777065295021e-08 0.21000000000000008 0.0010000161157378105 1.6937777065295021e-08 1.6937777065295025e-08 0 1 0 0 0
d 0 0 -1.7620489128414147e-08 0.2 0.2 1.7620489127749574e-08 1 0.22000000000000008 1.7744337877928121e-08 1.7744337877928121e-08 0.22000000000000008 0.0010000161157378102 1.7744337877928121e-08 1.7744337877928121e-08 0 1 0 0 0
d 0 0 -1.8421403177259054e-08 0.2 0.2 1.8421403177080552e-08 1 0.23000000000000009 1.8550898690561218e-08 1.8550898690561218e-08 0.23000000000000009 0.0010000161157378105 1.8550898690561218e-08 1.8550898690561218e-08 0 1 0 0 0
d 0 0 -1.9222315708557807e-08 0.2 0.2 1.9222315708549608e-08 1 0.2400000000000001 1.9357459503194315e-08 1.9357459503194315e-08 0.2400000000000001 0.0010000161157378105 1.9357459503194315e-08 1.9357459503194315e-08 0 1 0 0 0
d 0 0 -2.0023226720035272e-08 0.2 0.2 2.0023226720261668e-08 1 0.25000000000000011 2.0164020315827409e-08 2.0164020315827409e-08 0.25000000000000011 0.0010000161157378102 2.0164020315827409e-08 2.0164020315827409e-08 0 1 0 0 0
d 0 0 -2.0824136210961452e-08 0.2 0.2 2.0824136211087759e-08 1 0.26000000000000012 2.0970581128460512e-08 2.0970581128460506e-08 0.26000000000000012 0.0010000161157378105 2.0970581128460506e-08 2.0970581128460512e-08 0 1 0 0 0
d 0 0 -2.162504417976584e-08 0.2 0.2 2.1625044179952687e-08 1 0.27000000000000013 2.1777141941093603e-08 2.1777141941093603e-08 0.27000000000000013 0.0010000161157378102 2.1777141941093603e-08 2.1777141941093603e-08 0 1 0 0 0
d 0 0 -2.2425950623130232e-08 0.2 0.2 2.2425950623187278e-08 1 0.28000000000000014 2.2583702753726699e-08 2.2583702753726706e-08 0.28000000000000014 0.0010000161157378102 2.2583702753726706e-08 2.2583702753726699e-08 0 1 0 0 0
d 0 0 -2.3226855541566367e-08 0.2 0.2 2.3226855541530732e-08 1 0.29000000000000015 2.33902635663598e-08 2.33902635663598e-08 0.29000000000000015 0.0010000161157378105 2.33902635663598e-08 2.33902635663598e-08 0 1 0 0 0
d 0 0 -2.4027758932359851e-08 0.2 0.2 2.402775893248321e-08 1 0.30000000000000016 2.419682437899289e-08 2.4196824378992897e-08 0.30000000000000016 0.00100001611573781 2.4196824378992897e-08 2.419682437899289e-08 0 1 0 0 0
d 0 0 -2.4828660794543031e-08 0.2 0.2 2.4828660795211403e-08 1 0.31000000000000016 2.500338519162599e-08 2.5003385191625997e-08 0.31000000000000016 0.0010000161157378102 2.5003385191625997e-08 2.500338519162599e-08 0 1 0 0 0
d 0 0 -2.5629561126509348e-08 0.2 0.2 2.5629561127128092e-08 1 0.32000000000000017 2.580994600425909e-08 2.580994600425909e-08 0.32000000000000017 0.0010000161157378105 2.580994600425909e-08 2.580994600425909e-08 0 1 0 0 0
d 0 0 -2.6430459927895007e-08 0.2 0.2 2.6430459927373106e-08 1 0.33000000000000018 2.6616506816892187e-08 2.6616506816892187e-08 0.33000000000000018 0.0010000161157378105 2.6616506816892187e-08 2.6616506816892187e-08 0 1 0 0 0
d 0 0 -2.7231357195815841e-08 0.2 0.2 2.7231357194642744e-08 1 0.34000000000000019 2.7423067629525281e-08 2.7423067629525281e-08 0.34000000000000019 0.0010000161157378102 2.7423067629525281e-08 2.7423067629525281e-08 0 1 0 0 0
d 0 0 -2.8032252929134276e-08 0.2 0.2 2.8032252928601029e-08 1 0.3500000000000002 2.8229628442158381e-08 2.8229628442158381e-08 0.3500000000000002 0.0010000161157378102 2.8229628442158381e-08 2.8229628442158381e-08 0 1 0 0 0
d 0 0 -2.8833147126642816e-08 0.2 0.2 2.8833147126768223e-08 1 0.36000000000000021 2.9036189254791478e-08 2.9036189254791478e-08 0.36000000000000021 0.0010000161157378105 2.9036189254791478e-08 2.9036189254791478e-08 0 1 0 0 0
d 0 0 -2.9634039798566187e-08 0.2 0.2 2.9634039798149242e-08 1 0.37000000000000022 2.9842750067424568e-08 2.9842750067424575e-08 0.37000000000000022 0.0010000161157378105 2.9842750067424575e-08 2.9842750067424568e-08 0 1 0 0 0
d 0 0 -3.0435000617485557e-08 0.2 0.2 3.0435000617089007e-08 1 0.38000000000000023 3.0649310880057668e-08 3.0649310880057668e-08 0.38000000000000023 0.0010000161157378102 3.0649310880057668e-08 3.0649310880057668e-08 0 1 0 0 0
d 0 0 -3.123886561596705e-08 0.2 0.2 3.1238865616528276e-08 1 0.39000000000000024 3.1455871692690768e-08 3.1455871692690768e-08 0.39000000000000024 0.0010000161157378105 3.1455871692690768e-08 3.1455871692690768e-08 0 1 0 0 0
d 0 0 -3.2049575575618073e-08 0.2 0.2 3.2049575575851266e-08 1 0.40000000000000024 3.2262432505323862e-08 3.2262432505323862e-08 0.40000000000000024 0.0010000161157378102 3.2262432505323862e-08 3.2262432505323862e-08 0 1 0 0 0
d 0 0 -3.2865490289136669e-08 0.2 0.2 3.2865490288955887e-08 1 0.41000000000000025 3.3068993317956962e-08 3.3068993317956962e-08 0.41000000000000025 0.0010000161157378105 3.3068993317956962e-08 3.3068993317956962e-08 0 1 0 0 0
d 0 0 -3.3684014396623757e-08 0.2 0.2 3.3684014397153874e-08 1 0.42000000000000026 3.3875554130590062e-08 3.3875554130590062e-08 0.42000000000000026 0.0010000161157378105 3.3875554130590062e-08 3.3875554130590062e-08 0 1 2.0346660678201756e-31 0 0
d 0 0 -3.4503532731624853e-08 0.2 0.2 3.4503532731940472e-08 1 0.43000000000000027 3.4682114943223149e-08 3.4682114943223156e-08 0.43000000000000027 0.0010000161157378102 3.4682114943223156e-08 3.4682114943223149e-08 0 1 1.5395300477869644e-25 0 0
d 0 0 -3.5321122887647881e-08 0.2 0.2 3.5321122887147576e-08 1 0.44000000000000028 3.548867575585625e-08 3.5488675755856256e-08 0.44000000000000028 0.0010000161157378102 3.5488675755856256e-08 3.548867575585625e-08 0 1 1.0919879259620535e-21 0 0
d 0 0 -3.6144225289146712e-08 0.2 0.2 3.6144225289334647e-08 1 0.45000000000000029 3.629523656848935e-08 3.629523656848935e-08 0.45000000000000029 0.0010000161157378105 3.629523656848935e-08 3.629523656848935e-08 0 1 1.3295786210119278e-17 0 0
d 0 0 -3.6955633266668507e-08 0.2 0.2 3.6955633267403857e-08 1 0.4600000000000003 3.7101797381122443e-08 3.710179738112243e-08 0.4600000000000003 0.0010000161157378102 3.710179738112243e-08 3.7101797381122443e-08 0 0.99999999999999956 3.3234796332134372e-16 0 0
d 0 0 -3.77641678857517e-08 0.2 0.2 3.7764167886158547e-08 1 0.47000000000000031 3.7908358193755543e-08 3.7908358193755457e-08 0.47000000000000031 0.0010000161157378107 3.7908358193755457e-08 3.7908358193755543e-08 0 0.99999999999999778 2.1540751150454587e-15 0 0
d 0 0 -3.8595083541515819e-08 0.2 0.2 3.8595083542036923e-08 1 0.48000000000000032 3.8714919006388644e-08 3.8714919005930941e-08 0.48000000000000032 0.0010000161157378102 3.8714919005930941e-08 3.8714919006388644e-08 0 0.9999999999881779 1.1822177902216781e-11 0 0
d 0 0 -3.9419106076362129e-08 0.2 0.2 3.9419106076830379e-08 1 0.49000000000000032 3.9521479819021737e-08 3.9521479727656568e-08 0.49000000000000032 0.0010000161157378102 3.9521479727656568e-08 3.9521479819021737e-08 0 0.9999999976882149 2.3117851761637514e-09 0 0
d 0 0 -4.0233671925220619e-08 0.2 0.2 4.0233671925403677e-08 1 0.50000000000000033 4.0328040631654837e-08 4.0328039573885526e-08 0.50000000000000033 0.0010000161157378105 4.0328039573885526e-08 4.0328040631654837e-08 0 0.99999997377087302 2.622912696380746e-08 0 0
d 0 0 -4.1048242835197352e-08 0.2 0.2 4.1048242835327709e-08 1 0.51000000000000034 4.1134601444287931e-08 4.1134591076345048e-08 0.51000000000000034 0.0010000161157378102 4.1134591076345048e-08 4.1134601444287931e-08 0 0.99999974795081226 2.5204918772665665e-07 0 0
d 0 0 -4.1860088829437969e-08 0.2 0.2 4.1860088829621828e-08 1 0.52000000000000035 4.1941162256921031e-08 4.1941111977122316e-08 0.52000000000000035 0.0010000161157378105 4.1941111977122316e-08 4.1941162256921031e-08 0 0.99999880118251372 1.198817486162884e-06 0 0
d 0 0 -4.267825264411311e-08 0.2 0.2 4.2678252643513338e-08 1 0.53000000000000036 4.2747723069554125e-08 4.274614716728341e-08 0.53000000000000036 0.0010000161157378102 4.274614716728341e-08 4.2747723069554125e-08 0 0.99996313482549337 3.6865174506497713e-05 0 0
d 0 0 -4.348093742091607e-08 0.2 0.2 4.3480937420995009e-08 1 0.54000000000000037 4.3554283882187218e-08 4.3553613668587193e-08 0.54000000000000037 0.0010000161157378105 4.3553613668587193e-08 4.3554283882187218e-08 0 0.99998461199357924 1.5388006420697127e-05 0 0
d 0 0 -4.4289415365675006e-08 0.2 0.2 4.4289415366098814e-08 1 0.55000000000000038 4.4360844694820312e-08 4.4358526294672242e-08 0.55000000000000038 0.0010000161157378102 4.4358526294672242e-08 4.4360844694820312e-08 0 0.99994773769156031 5.2262308439679663e-05 0 0
d 0 0 -4.5091381992848838e-08 0.2 0.2 4.5091381992628106e-08 1 0.56000000000000039 4.5167405507453412e-08 4.5157199764258253e-08 0.56000000000000039 0.0010000161157378102 4.5157199764258253e-08 4.5167405507453412e-08 0 0.99977404628225808 0.00022595371774197711 0 0
d 0 0 -4.5877743351662209e-08 0.2 0.2 4.5877743352045689e-08 1 0.5700000000000004 4.5973966320086512e-08 4.5943163785095852e-08 0.5700000000000004 0.0010000161157378105 4.5943163785095852e-08 4.5973966320086512e-08 0 0.9993300004881851 0.00066999951181485884 0 0
d 0 0 -4.658150614931354e-08 0.2 0.2 4.6581506149088169e-08 1 0.5800000000000004 4.6780527132719612e-08 4.665047876824785e-08 0.5800000000000004 0.0010000161157378105 4.665047876824785e-08 4.6780527132719612e-08 0 0.99722003208508525 0.002779967914914709 0 0
d 0 0 -4.7436856454483029e-08 0.2 0.2 4.74368564524327e-08 1 0.59000000000000041 4.7587087945352713e-08 4.7505321090158611e-08 0.59000000000000041 0.0010000161157378105 4.7505321090158611e-08 4.7587087945352713e-08 0 0.99828174282721416 0.0017182571727857746 0 0
d 0 0 -4.8103261928941163e-08 0.2 0.2 4.8103261929444083e-08 1 0.60000000000000042 4.8393648757985793e-08 4.817703391562364e-08 0.60000000000000042 0.0010000161157378105 4.817703391562364e-08 4.8393648757985793e-08 0 0.99552389935618535 0.0044761006438147205 0 0
d 0 0 -4.8793944154967393e-08 0.2 0.2 4.8793944154869865e-08 1 0.61000000000000043 4.9200209570618893e-08 4.8871976514236093e-08 0.61000000000000043 0.0010000161157378102 4.8871976514236093e-08 4.9200209570618893e-08 0 0.99332862483214279 0.0066713751678572049 0 0
d 0 0 -4.9451431807073982e-08 0.2 0.2 4.9451431806613103e-08 1 0.62000000000000044 5.0006770383251993e-08 4.953419581458089e-08 0.62000000000000044 0.0010000161157378105 4.953419581458089e-08 5.0006770383251993e-08 0 0.99054978825768403 0.0094502117423160177 0 0
d 0 0 -4.9924072574385596e-08 0.2 0.2 4.9924072566194317e-08 1 0.63000000000000045 5.0813331195885094e-08 5.0014869049525668e-08 0.63000000000000045 0.0010000161157378105 5.0014869049525668e-08 5.0813331195885094e-08 0 0.98428636486591758 0.015713635134082447 0 0
d 0 0 -4.9969914293921633e-08 0.2 0.2 4.9969914293683246e-08 1 0.64000000000000046 5.1619892008518194e-08 5.0073699742856956e-08 0.64000000000000046 0.0010000161157378105 5.0073699742856956e-08 5.1619892008518194e-08 0 0.97004658077537087 0.029953419224629216 0 0
d 0 0 -5.0106563899921555e-08 0.2 0.2 5.0106563892048225e-08 1 0.65000000000000047 5.2426452821151281e-08 5.0219343966656282e-08 0.65000000000000047 0.0010000161157378105 5.0219343966656282e-08 5.2426452821151281e-08 0 0.9579008547073673 0.042099145292632742 0 0
d 0 0 -5.031523849396885e-08 0.2 0.2 5.0315238491948379e-08 1 0.66000000000000048 5.3233013633784394e-08 5.0434955510000381e-08 0.66000000000000048 0.0010000161157378105 5.0434955510000381e-08 5.3233013633784394e-08 0 0.94743754048881779 0.05256245951118213 0 0
d 0 0 -5.0374083439430378e-08 0.2 0.2 5.0374083436014029e-08 1 0.67000000000000048 5.4039574446417474e-08 5.0501064368213729e-08 0.67000000000000048 0.0010000161157378102 5.0501064368213729e-08 5.4039574446417474e-08 0 0.93452002325236061 0.065479976747639418 0 0
d 0 0 -4.989454778914865e-08 0.2 0.2 4.9894547777200046e-08 1 0.68000000000000049 5.4846135259050575e-08 5.0031023138083586e-08 0.68000000000000049 0.0010000161157378105 5.0031023138083586e-08 5.4846135259050575e-08 0 0.91220690212310973 0.0877930978768902 0 0
d 0 0 -5.0297652140782732e-08 0.2 0.2 5.0297652141057859e-08 1 0.6900000000000005 5.5652696071683675e-08 5.0437621169377089e-08 0.6900000000000005 0.0010000161157378102 5.0437621169377089e-08 5.5652696071683675e-08 0 0.906292502063345 0.093707497936654977 0 0
d 0 0 -5.0397605203612647e-08 0.2 0.2 5.039760520310278e-08 1 0.70000000000000051 5.6459256884316762e-08 5.0542332941165171e-08 0.70000000000000051 0.0010000161157378102 5.0542332941165171e-08 5.6459256884316762e-08 0 0.89520010942979311 0.1047998905702069 0 0
d 0 0 -4.9394283370688451e-08 0.2 0.2 4.9394283361867113e-08 1 0.71000000000000052 5.7265817696949875e-08 4.9547190163374135e-08 0.71000000000000052 0.0010000161157378105 4.9547190163374135e-08 5.7265817696949875e-08 0 0.86521405187257372 0.13478594812742634 0 0
d 0 0 -4.8714363308325494e-08 0.2 0.2 4.8714363306408281e-08 1 0.72000000000000053 5.8072378509582962e-08 4.8872724243214071e-08 0.72000000000000053 0.0010000161157378105 4.8872724243214071e-08 5.8072378509582962e-08 0 0.84158296073836913 0.15841703926163087 0 0
d 0 0 -4.8115699148677581e-08 0.2 0.2 4.8115699148114595e-08 1 0.73000000000000054 5.8878939322216056e-08 4.8278352212874239e-08 0.73000000000000054 0.0010000161157378102 4.8278352212874239e-08 5.8878939322216056e-08 0 0.81995961151185282 0.18004038848814713 0 0
d 0 0 -4.7407503827522556e-08 0.2 0.2 4.7407503827652205e-08 1 0.74000000000000055 5.9685500134849149e-08 4.7573808703732891e-08 0.74000000000000055 0.0010000161157378105 4.7573808703732891e-08 5.9685500134849149e-08 0 0.7970748104019908 0.20292518959800918 0 0
d 0 0 -4.6546728648081113e-08 0.2 0.2 4.6546728647611718e-08 1 0.75000000000000056 6.0492060947482256e-08 4.671602278349741e-08 0.75000000000000056 0.0010000161157378105 4.671602278349741e-08 6.0492060947482256e-08 0 0.77226700581511232 0.2277329941848876 0 0
d 0 0 -4.5546949624826894e-08 0.2 0.2 4.5546949624946194e-08 1 0.76000000000000056 6.129862176011535e-08 4.5718471836666337e-08 0.76000000000000056 0.0010000161157378102 4.5718471836666337e-08 6.129862176011535e-08 0 0.74583197018001446 0.25416802981998554 0 0
d 0 0 -4.4411180207039665e-08 0.2 0.2 4.441118020742805e-08 1 0.77000000000000057 6.2105182572748457e-08 4.4584102921473568e-08 0.77000000000000057 0.0010000161157378107 4.4584102921473568e-08 6.2105182572748457e-08 0 0.71788055480311763 0.28211944519688231 0 0
d 0 0 -4.3145723241766995e-08 0.2 0.2 4.3145723241742193e-08 1 0.78000000000000058 6.2911743385381537e-08 4.3319168882090138e-08 0.78000000000000058 0.0010000161157378105 4.3319168882090138e-08 6.2911743385381537e-08 0 0.68857047271330241 0.31142952728669765 0 0
d 0 0 -4.1736282292179543e-08 0.2 0.2 4.1736282291761942e-08 1 0.79000000000000059 6.3718304198014644e-08 4.1909309625604007e-08 0.79000000000000059 0.0010000161157378105 4.1909309625604007e-08 6.3718304198014644e-08 0 0.65772795043892318 0.34227204956107676 0 0
d 0 0 -4.017864996916806e-08 0.2 0.2 4.0178649968999169e-08 1 0.8 6.4524865010647684e-08 4.0350254032366627e-08 0.8 0.0010000161157378105 4.0350254032366627e-08 6.4524865010647684e-08 0 0.62534426109544206 0.37465573890455794 0 0
Q 2 13 "Anode Voltage"
Q 3 13 "Cathode Voltage"
Q 20 13 "Anode Current"
Q 21 13 "Cathode Current"
Q 85 13 "Available photo current"
Q 86 13 "Source photo current"
Q 87 13 "Optical wavelength"
Q 91 13 "Light Intensity, beam 1"
Q 92 21 Contact
Q 308 13 Angle
Q 354 13 Reflectivity
Q 355 13 Absorption
Q 356 13 Transmission
Q 398 13 "Specular Reflectance"
Q 601 13 "Anode Int. Voltage"
Q 602 13 "Cathode Int. Voltage"
Q 4000 13 "Optical Wavelength, beam 1"
Q 4010 13 "Source Photo Current, beam 1"
Q 4020 13 "Available Photo Current, beam 1"
Q 1236000 13 "Optical Source Power, beam 1"
EOF 977973282
